<?xml version="1.0" encoding="UTF-8"?>
<testsuite xmlns:xsi="http://www.w3.org/2001/XMLSchema-instance" xsi:noNamespaceSchemaLocation="https://maven.apache.org/surefire/maven-surefire-plugin/xsd/surefire-test-report-3.0.xsd" version="3.0" name="TestRunner" time="4.391" tests="1" errors="1" skipped="0" failures="0">
  <properties>
    <property name="java.specification.version" value="21"/>
    <property name="sun.cpu.isalist" value="amd64"/>
    <property name="sun.jnu.encoding" value="Cp1252"/>
    <property name="java.class.path" value="C:\Users\gabri\OneDrive\Desktop\Documentos\egsys\automation_selenium\automation_egsys_web\target\test-classes;C:\Users\gabri\OneDrive\Desktop\Documentos\egsys\automation_selenium\automation_egsys_web\target\classes;C:\Users\gabri\.m2\repository\org\seleniumhq\selenium\selenium-java\3.141.59\selenium-java-3.141.59.jar;C:\Users\gabri\.m2\repository\org\seleniumhq\selenium\selenium-api\3.141.59\selenium-api-3.141.59.jar;C:\Users\gabri\.m2\repository\org\seleniumhq\selenium\selenium-chrome-driver\3.141.59\selenium-chrome-driver-3.141.59.jar;C:\Users\gabri\.m2\repository\org\seleniumhq\selenium\selenium-edge-driver\3.141.59\selenium-edge-driver-3.141.59.jar;C:\Users\gabri\.m2\repository\org\seleniumhq\selenium\selenium-firefox-driver\3.141.59\selenium-firefox-driver-3.141.59.jar;C:\Users\gabri\.m2\repository\org\seleniumhq\selenium\selenium-ie-driver\3.141.59\selenium-ie-driver-3.141.59.jar;C:\Users\gabri\.m2\repository\org\seleniumhq\selenium\selenium-opera-driver\3.141.59\selenium-opera-driver-3.141.59.jar;C:\Users\gabri\.m2\repository\org\seleniumhq\selenium\selenium-remote-driver\3.141.59\selenium-remote-driver-3.141.59.jar;C:\Users\gabri\.m2\repository\org\seleniumhq\selenium\selenium-safari-driver\3.141.59\selenium-safari-driver-3.141.59.jar;C:\Users\gabri\.m2\repository\org\seleniumhq\selenium\selenium-support\3.141.59\selenium-support-3.141.59.jar;C:\Users\gabri\.m2\repository\net\bytebuddy\byte-buddy\1.8.15\byte-buddy-1.8.15.jar;C:\Users\gabri\.m2\repository\org\apache\commons\commons-exec\1.3\commons-exec-1.3.jar;C:\Users\gabri\.m2\repository\com\google\guava\guava\25.0-jre\guava-25.0-jre.jar;C:\Users\gabri\.m2\repository\com\google\code\findbugs\jsr305\1.3.9\jsr305-1.3.9.jar;C:\Users\gabri\.m2\repository\org\checkerframework\checker-compat-qual\2.0.0\checker-compat-qual-2.0.0.jar;C:\Users\gabri\.m2\repository\com\google\errorprone\error_prone_annotations\2.1.3\error_prone_annotations-2.1.3.jar;C:\Users\gabri\.m2\repository\com\google\j2objc\j2objc-annotations\1.1\j2objc-annotations-1.1.jar;C:\Users\gabri\.m2\repository\org\codehaus\mojo\animal-sniffer-annotations\1.14\animal-sniffer-annotations-1.14.jar;C:\Users\gabri\.m2\repository\com\squareup\okhttp3\okhttp\3.11.0\okhttp-3.11.0.jar;C:\Users\gabri\.m2\repository\com\squareup\okio\okio\1.14.0\okio-1.14.0.jar;C:\Users\gabri\.m2\repository\io\github\cdimascio\dotenv-java\3.0.0\dotenv-java-3.0.0.jar;C:\Users\gabri\.m2\repository\io\cucumber\cucumber-java\7.18.1\cucumber-java-7.18.1.jar;C:\Users\gabri\.m2\repository\io\cucumber\cucumber-core\7.18.1\cucumber-core-7.18.1.jar;C:\Users\gabri\.m2\repository\io\cucumber\cucumber-gherkin\7.18.1\cucumber-gherkin-7.18.1.jar;C:\Users\gabri\.m2\repository\io\cucumber\cucumber-gherkin-messages\7.18.1\cucumber-gherkin-messages-7.18.1.jar;C:\Users\gabri\.m2\repository\io\cucumber\gherkin\28.0.0\gherkin-28.0.0.jar;C:\Users\gabri\.m2\repository\io\cucumber\messages\24.1.0\messages-24.1.0.jar;C:\Users\gabri\.m2\repository\io\cucumber\testng-xml-formatter\0.2.0\testng-xml-formatter-0.2.0.jar;C:\Users\gabri\.m2\repository\io\cucumber\query\12.2.0\query-12.2.0.jar;C:\Users\gabri\.m2\repository\io\cucumber\tag-expressions\6.1.0\tag-expressions-6.1.0.jar;C:\Users\gabri\.m2\repository\io\cucumber\cucumber-expressions\17.1.0\cucumber-expressions-17.1.0.jar;C:\Users\gabri\.m2\repository\io\cucumber\datatable\7.18.1\datatable-7.18.1.jar;C:\Users\gabri\.m2\repository\io\cucumber\cucumber-plugin\7.18.1\cucumber-plugin-7.18.1.jar;C:\Users\gabri\.m2\repository\io\cucumber\docstring\7.18.1\docstring-7.18.1.jar;C:\Users\gabri\.m2\repository\io\cucumber\html-formatter\21.4.1\html-formatter-21.4.1.jar;C:\Users\gabri\.m2\repository\io\cucumber\junit-xml-formatter\0.5.0\junit-xml-formatter-0.5.0.jar;C:\Users\gabri\.m2\repository\io\cucumber\ci-environment\10.0.1\ci-environment-10.0.1.jar;C:\Users\gabri\.m2\repository\org\apiguardian\apiguardian-api\1.1.2\apiguardian-api-1.1.2.jar;C:\Users\gabri\.m2\repository\io\cucumber\cucumber-junit\7.18.1\cucumber-junit-7.18.1.jar;C:\Users\gabri\.m2\repository\junit\junit\4.13.2\junit-4.13.2.jar;C:\Users\gabri\.m2\repository\org\hamcrest\hamcrest-core\1.3\hamcrest-core-1.3.jar;"/>
    <property name="java.vm.vendor" value="Oracle Corporation"/>
    <property name="sun.arch.data.model" value="64"/>
    <property name="user.variant" value=""/>
    <property name="java.vendor.url" value="https://java.oracle.com/"/>
    <property name="user.timezone" value="America/Sao_Paulo"/>
    <property name="os.name" value="Windows 11"/>
    <property name="java.vm.specification.version" value="21"/>
    <property name="sun.java.launcher" value="SUN_STANDARD"/>
    <property name="user.country" value="BR"/>
    <property name="sun.boot.library.path" value="C:\Program Files\Java\jdk-21.0.2\bin"/>
    <property name="sun.java.command" value="C:\Users\gabri\AppData\Local\Temp\surefire14311567196972774969\surefirebooter-20240731161125609_3.jar C:\Users\gabri\AppData\Local\Temp\surefire14311567196972774969 2024-07-31T16-11-25_505-jvmRun1 surefire-20240731161125609_1tmp surefire_0-20240731161125609_2tmp"/>
    <property name="jdk.debug" value="release"/>
    <property name="surefire.test.class.path" value="C:\Users\gabri\OneDrive\Desktop\Documentos\egsys\automation_selenium\automation_egsys_web\target\test-classes;C:\Users\gabri\OneDrive\Desktop\Documentos\egsys\automation_selenium\automation_egsys_web\target\classes;C:\Users\gabri\.m2\repository\org\seleniumhq\selenium\selenium-java\3.141.59\selenium-java-3.141.59.jar;C:\Users\gabri\.m2\repository\org\seleniumhq\selenium\selenium-api\3.141.59\selenium-api-3.141.59.jar;C:\Users\gabri\.m2\repository\org\seleniumhq\selenium\selenium-chrome-driver\3.141.59\selenium-chrome-driver-3.141.59.jar;C:\Users\gabri\.m2\repository\org\seleniumhq\selenium\selenium-edge-driver\3.141.59\selenium-edge-driver-3.141.59.jar;C:\Users\gabri\.m2\repository\org\seleniumhq\selenium\selenium-firefox-driver\3.141.59\selenium-firefox-driver-3.141.59.jar;C:\Users\gabri\.m2\repository\org\seleniumhq\selenium\selenium-ie-driver\3.141.59\selenium-ie-driver-3.141.59.jar;C:\Users\gabri\.m2\repository\org\seleniumhq\selenium\selenium-opera-driver\3.141.59\selenium-opera-driver-3.141.59.jar;C:\Users\gabri\.m2\repository\org\seleniumhq\selenium\selenium-remote-driver\3.141.59\selenium-remote-driver-3.141.59.jar;C:\Users\gabri\.m2\repository\org\seleniumhq\selenium\selenium-safari-driver\3.141.59\selenium-safari-driver-3.141.59.jar;C:\Users\gabri\.m2\repository\org\seleniumhq\selenium\selenium-support\3.141.59\selenium-support-3.141.59.jar;C:\Users\gabri\.m2\repository\net\bytebuddy\byte-buddy\1.8.15\byte-buddy-1.8.15.jar;C:\Users\gabri\.m2\repository\org\apache\commons\commons-exec\1.3\commons-exec-1.3.jar;C:\Users\gabri\.m2\repository\com\google\guava\guava\25.0-jre\guava-25.0-jre.jar;C:\Users\gabri\.m2\repository\com\google\code\findbugs\jsr305\1.3.9\jsr305-1.3.9.jar;C:\Users\gabri\.m2\repository\org\checkerframework\checker-compat-qual\2.0.0\checker-compat-qual-2.0.0.jar;C:\Users\gabri\.m2\repository\com\google\errorprone\error_prone_annotations\2.1.3\error_prone_annotations-2.1.3.jar;C:\Users\gabri\.m2\repository\com\google\j2objc\j2objc-annotations\1.1\j2objc-annotations-1.1.jar;C:\Users\gabri\.m2\repository\org\codehaus\mojo\animal-sniffer-annotations\1.14\animal-sniffer-annotations-1.14.jar;C:\Users\gabri\.m2\repository\com\squareup\okhttp3\okhttp\3.11.0\okhttp-3.11.0.jar;C:\Users\gabri\.m2\repository\com\squareup\okio\okio\1.14.0\okio-1.14.0.jar;C:\Users\gabri\.m2\repository\io\github\cdimascio\dotenv-java\3.0.0\dotenv-java-3.0.0.jar;C:\Users\gabri\.m2\repository\io\cucumber\cucumber-java\7.18.1\cucumber-java-7.18.1.jar;C:\Users\gabri\.m2\repository\io\cucumber\cucumber-core\7.18.1\cucumber-core-7.18.1.jar;C:\Users\gabri\.m2\repository\io\cucumber\cucumber-gherkin\7.18.1\cucumber-gherkin-7.18.1.jar;C:\Users\gabri\.m2\repository\io\cucumber\cucumber-gherkin-messages\7.18.1\cucumber-gherkin-messages-7.18.1.jar;C:\Users\gabri\.m2\repository\io\cucumber\gherkin\28.0.0\gherkin-28.0.0.jar;C:\Users\gabri\.m2\repository\io\cucumber\messages\24.1.0\messages-24.1.0.jar;C:\Users\gabri\.m2\repository\io\cucumber\testng-xml-formatter\0.2.0\testng-xml-formatter-0.2.0.jar;C:\Users\gabri\.m2\repository\io\cucumber\query\12.2.0\query-12.2.0.jar;C:\Users\gabri\.m2\repository\io\cucumber\tag-expressions\6.1.0\tag-expressions-6.1.0.jar;C:\Users\gabri\.m2\repository\io\cucumber\cucumber-expressions\17.1.0\cucumber-expressions-17.1.0.jar;C:\Users\gabri\.m2\repository\io\cucumber\datatable\7.18.1\datatable-7.18.1.jar;C:\Users\gabri\.m2\repository\io\cucumber\cucumber-plugin\7.18.1\cucumber-plugin-7.18.1.jar;C:\Users\gabri\.m2\repository\io\cucumber\docstring\7.18.1\docstring-7.18.1.jar;C:\Users\gabri\.m2\repository\io\cucumber\html-formatter\21.4.1\html-formatter-21.4.1.jar;C:\Users\gabri\.m2\repository\io\cucumber\junit-xml-formatter\0.5.0\junit-xml-formatter-0.5.0.jar;C:\Users\gabri\.m2\repository\io\cucumber\ci-environment\10.0.1\ci-environment-10.0.1.jar;C:\Users\gabri\.m2\repository\org\apiguardian\apiguardian-api\1.1.2\apiguardian-api-1.1.2.jar;C:\Users\gabri\.m2\repository\io\cucumber\cucumber-junit\7.18.1\cucumber-junit-7.18.1.jar;C:\Users\gabri\.m2\repository\junit\junit\4.13.2\junit-4.13.2.jar;C:\Users\gabri\.m2\repository\org\hamcrest\hamcrest-core\1.3\hamcrest-core-1.3.jar;"/>
    <property name="sun.cpu.endian" value="little"/>
    <property name="user.home" value="C:\Users\gabri"/>
    <property name="user.language" value="pt"/>
    <property name="java.specification.vendor" value="Oracle Corporation"/>
    <property name="java.version.date" value="2024-01-16"/>
    <property name="java.home" value="C:\Program Files\Java\jdk-21.0.2"/>
    <property name="file.separator" value="\"/>
    <property name="basedir" value="C:\Users\gabri\OneDrive\Desktop\Documentos\egsys\automation_selenium\automation_egsys_web"/>
    <property name="java.vm.compressedOopsMode" value="Zero based"/>
    <property name="line.separator" value="&#10;"/>
    <property name="java.vm.specification.vendor" value="Oracle Corporation"/>
    <property name="java.specification.name" value="Java Platform API Specification"/>
    <property name="surefire.real.class.path" value="C:\Users\gabri\AppData\Local\Temp\surefire14311567196972774969\surefirebooter-20240731161125609_3.jar"/>
    <property name="user.script" value=""/>
    <property name="sun.management.compiler" value="HotSpot 64-Bit Tiered Compilers"/>
    <property name="java.runtime.version" value="21.0.2+13-LTS-58"/>
    <property name="user.name" value="gabri"/>
    <property name="stdout.encoding" value="Cp1252"/>
    <property name="path.separator" value=";"/>
    <property name="os.version" value="10.0"/>
    <property name="java.runtime.name" value="Java(TM) SE Runtime Environment"/>
    <property name="file.encoding" value="UTF-8"/>
    <property name="java.vm.name" value="Java HotSpot(TM) 64-Bit Server VM"/>
    <property name="localRepository" value="C:\Users\gabri\.m2\repository"/>
    <property name="java.vendor.url.bug" value="https://bugreport.java.com/bugreport/"/>
    <property name="java.io.tmpdir" value="C:\Users\gabri\AppData\Local\Temp\"/>
    <property name="java.version" value="21.0.2"/>
    <property name="user.dir" value="C:\Users\gabri\OneDrive\Desktop\Documentos\egsys\automation_selenium\automation_egsys_web"/>
    <property name="os.arch" value="amd64"/>
    <property name="java.vm.specification.name" value="Java Virtual Machine Specification"/>
    <property name="sun.os.patch.level" value=""/>
    <property name="native.encoding" value="Cp1252"/>
    <property name="java.library.path" value="C:\Program Files\Java\jdk-21.0.2\bin;C:\Windows\Sun\Java\bin;C:\Windows\system32;C:\Windows;C:\Program Files\WindowsApps\Microsoft.PowerShellPreview_7.5.3.0_x64__8wekyb3d8bbwe;C:\Program Files\Common Files\Oracle\Java\javapath;C:\Android\commandlinetools-win-11076708_latest\cmdline-tools\tools\bin;C:\android\cmdline-tools\latest\bin;C:\android\emulator;C:\android\platform-tools;C:\scrcpy;C:\Program Files\dotnet\;C:\ProgramData\chocolatey\bin;C:\Program Files\Git\cmd;C:\ProgramData\chocolatey\lib\k6\tools\k6-v0.49.0-windows-amd64\;C:\Users\gabri\AppData\Roaming\npm;C:\Windows\System32;C:\Windows\System32\WindowsPowerShell\v1.0;search-ms:displayname=Resultados%20da%20Pesquisa%20em%20Arquivos%20de%20Programas&amp;crumb=location:C%3A%5CProgram%20Files\scrcpy-win64-v2.4;C:\Program Files\MySQL\MySQL Server 8.0\bin;C:\Users\gabri\AppData\Roaming\nvm;C:\Program Files\nodejs;C:\Program Files\nodejs\;C:\Program Files\apache-maven-3.9.8-bin (1)\apache-maven-3.9.8\bin;C:\Program Files\chromedriver-win64\chromedriver-win64;C:\Users\gabri\AppData\Local\Programs\Python\Python311\Scripts\;C:\Users\gabri\AppData\Local\Programs\Python\Python311\;C:\Users\gabri\AppData\Local\Microsoft\WindowsApps;C:\Users\gabri\AppData\Local\GitHubDesktop\bin;C:\Users\gabri\AppData\Local\Programs\Microsoft VS Code\bin;C:\Program Files\JetBrains\IntelliJ IDEA 2024.1.4\bin;;C:\Users\gabri\AppData\Roaming\nvm;C:\Program Files\nodejs;C:\Users\gabri\AppData\Roaming\npm;."/>
    <property name="java.vm.info" value="mixed mode, sharing"/>
    <property name="stderr.encoding" value="Cp1252"/>
    <property name="java.vendor" value="Oracle Corporation"/>
    <property name="java.vm.version" value="21.0.2+13-LTS-58"/>
    <property name="sun.io.unicode.encoding" value="UnicodeLittle"/>
    <property name="java.class.version" value="65.0"/>
  </properties>
  <testcase name="Gerar nova ocorrência" classname="Ocorrencia" time="4.006">
    <error message="no such element: Unable to locate element: {&quot;method&quot;:&quot;css selector&quot;,&quot;selector&quot;:&quot;#Selecionar&quot;}&#10;  (Session info: chrome=127.0.6533.73)&#10;For documentation on this error, please visit: https://www.seleniumhq.org/exceptions/no_such_element.html&#10;Build info: version: &apos;3.141.59&apos;, revision: &apos;e82be7d358&apos;, time: &apos;2018-11-14T08:17:03&apos;&#10;System info: host: &apos;GABRIEL&apos;, ip: &apos;192.168.25.29&apos;, os.name: &apos;Windows 11&apos;, os.arch: &apos;amd64&apos;, os.version: &apos;10.0&apos;, java.version: &apos;21.0.2&apos;&#10;Driver info: org.openqa.selenium.chrome.ChromeDriver&#10;Capabilities {acceptInsecureCerts: false, browserName: chrome, browserVersion: 127.0.6533.73, chrome: {chromedriverVersion: 126.0.6478.182 (5b5d8292ddf..., userDataDir: C:\Users\gabri\AppData\Loca...}, fedcm:accounts: true, goog:chromeOptions: {debuggerAddress: localhost:58733}, javascriptEnabled: true, networkConnectionEnabled: false, pageLoadStrategy: normal, platform: WINDOWS, platformName: WINDOWS, proxy: Proxy(), setWindowRect: true, strictFileInteractability: false, timeouts: {implicit: 0, pageLoad: 300000, script: 30000}, unhandledPromptBehavior: dismiss and notify, webauthn:extension:credBlob: true, webauthn:extension:largeBlob: true, webauthn:extension:minPinLength: true, webauthn:extension:prf: true, webauthn:virtualAuthenticators: true}&#10;Session ID: 79f7764f74e9a9dca8b84f8febbd28fa&#10;*** Element info: {Using=id, value=Selecionar}" type="org.openqa.selenium.NoSuchElementException"><![CDATA[org.openqa.selenium.NoSuchElementException: 
no such element: Unable to locate element: {"method":"css selector","selector":"#Selecionar"}
  (Session info: chrome=127.0.6533.73)
For documentation on this error, please visit: https://www.seleniumhq.org/exceptions/no_such_element.html
Build info: version: '3.141.59', revision: 'e82be7d358', time: '2018-11-14T08:17:03'
System info: host: 'GABRIEL', ip: '192.168.25.29', os.name: 'Windows 11', os.arch: 'amd64', os.version: '10.0', java.version: '21.0.2'
Driver info: org.openqa.selenium.chrome.ChromeDriver
Capabilities {acceptInsecureCerts: false, browserName: chrome, browserVersion: 127.0.6533.73, chrome: {chromedriverVersion: 126.0.6478.182 (5b5d8292ddf..., userDataDir: C:\Users\gabri\AppData\Loca...}, fedcm:accounts: true, goog:chromeOptions: {debuggerAddress: localhost:58733}, javascriptEnabled: true, networkConnectionEnabled: false, pageLoadStrategy: normal, platform: WINDOWS, platformName: WINDOWS, proxy: Proxy(), setWindowRect: true, strictFileInteractability: false, timeouts: {implicit: 0, pageLoad: 300000, script: 30000}, unhandledPromptBehavior: dismiss and notify, webauthn:extension:credBlob: true, webauthn:extension:largeBlob: true, webauthn:extension:minPinLength: true, webauthn:extension:prf: true, webauthn:virtualAuthenticators: true}
Session ID: 79f7764f74e9a9dca8b84f8febbd28fa
*** Element info: {Using=id, value=Selecionar}
	at java.base/jdk.internal.reflect.DirectConstructorHandleAccessor.newInstance(DirectConstructorHandleAccessor.java:62)
	at java.base/java.lang.reflect.Constructor.newInstanceWithCaller(Constructor.java:502)
	at java.base/java.lang.reflect.Constructor.newInstance(Constructor.java:486)
	at org.openqa.selenium.remote.http.W3CHttpResponseCodec.createException(W3CHttpResponseCodec.java:187)
	at org.openqa.selenium.remote.http.W3CHttpResponseCodec.decode(W3CHttpResponseCodec.java:122)
	at org.openqa.selenium.remote.http.W3CHttpResponseCodec.decode(W3CHttpResponseCodec.java:49)
	at org.openqa.selenium.remote.HttpCommandExecutor.execute(HttpCommandExecutor.java:158)
	at org.openqa.selenium.remote.service.DriverCommandExecutor.execute(DriverCommandExecutor.java:83)
	at org.openqa.selenium.remote.RemoteWebDriver.execute(RemoteWebDriver.java:552)
	at org.openqa.selenium.remote.RemoteWebDriver.findElement(RemoteWebDriver.java:323)
	at org.openqa.selenium.remote.RemoteWebDriver.findElementById(RemoteWebDriver.java:372)
	at org.openqa.selenium.By$ById.findElement(By.java:188)
	at org.openqa.selenium.remote.RemoteWebDriver.findElement(RemoteWebDriver.java:315)
	at pages.BasePage.clicarBotao(BasePage.java:61)
	at stepdefinitions.OcorrenciaStep.eu_clico_em(OcorrenciaStep.java:53)
	at ✽.eu clico em "SELECIONAR_BUTTON"(file:///C:/Users/gabri/OneDrive/Desktop/Documentos/egsys/automation_selenium/automation_egsys_web/src/test/java/resources/features/Ocorrencia.feature:7)
]]></error>
    <system-out><![CDATA[
Scenario: Gerar nova ocorrência                                                     &amp#27;[90m# src/test/java/resources/features/Ocorrencia.feature:10&amp#27;[0m
  &amp#27;[32mGiven &amp#27;[0m&amp#27;[32mque eu acesso o BackOffice&amp#27;[0m                                                  &amp#27;[90m# stepdefinitions.LoginStep.queEuAcesso()&amp#27;[0m
  &amp#27;[32mAnd &amp#27;[0m&amp#27;[32meu preencho os campos corretamente&amp#27;[0m                                            &amp#27;[90m# stepdefinitions.LoginStep.euPreenchoOsCamposCorretamente()&amp#27;[0m
  &amp#27;[32mWhen &amp#27;[0m&amp#27;[32meu clico em entrar&amp#27;[0m                                                           &amp#27;[90m# stepdefinitions.LoginStep.euClicoEm()&amp#27;[0m
  &amp#27;[31mAnd &amp#27;[0m&amp#27;[31meu clico em &amp#27;[0m&amp#27;[31m&amp#27;[1m"SELECIONAR_BUTTON"&amp#27;[0m                                               &amp#27;[90m# stepdefinitions.OcorrenciaStep.eu_clico_em(java.lang.String)&amp#27;[0m
      &amp#27;[31morg.openqa.selenium.NoSuchElementException: no such element: Unable to locate element: {"method":"css selector","selector":"#Selecionar"}
  (Session info: chrome=127.0.6533.73)
For documentation on this error, please visit: https://www.seleniumhq.org/exceptions/no_such_element.html
Build info: version: '3.141.59', revision: 'e82be7d358', time: '2018-11-14T08:17:03'
System info: host: 'GABRIEL', ip: '192.168.25.29', os.name: 'Windows 11', os.arch: 'amd64', os.version: '10.0', java.version: '21.0.2'
Driver info: org.openqa.selenium.chrome.ChromeDriver
Capabilities {acceptInsecureCerts: false, browserName: chrome, browserVersion: 127.0.6533.73, chrome: {chromedriverVersion: 126.0.6478.182 (5b5d8292ddf..., userDataDir: C:\Users\gabri\AppData\Loca...}, fedcm:accounts: true, goog:chromeOptions: {debuggerAddress: localhost:58733}, javascriptEnabled: true, networkConnectionEnabled: false, pageLoadStrategy: normal, platform: WINDOWS, platformName: WINDOWS, proxy: Proxy(), setWindowRect: true, strictFileInteractability: false, timeouts: {implicit: 0, pageLoad: 300000, script: 30000}, unhandledPromptBehavior: dismiss and notify, webauthn:extension:credBlob: true, webauthn:extension:largeBlob: true, webauthn:extension:minPinLength: true, webauthn:extension:prf: true, webauthn:virtualAuthenticators: true}
Session ID: 79f7764f74e9a9dca8b84f8febbd28fa
*** Element info: {Using=id, value=Selecionar}
	at java.base/jdk.internal.reflect.DirectConstructorHandleAccessor.newInstance(DirectConstructorHandleAccessor.java:62)
	at java.base/java.lang.reflect.Constructor.newInstanceWithCaller(Constructor.java:502)
	at java.base/java.lang.reflect.Constructor.newInstance(Constructor.java:486)
	at org.openqa.selenium.remote.http.W3CHttpResponseCodec.createException(W3CHttpResponseCodec.java:187)
	at org.openqa.selenium.remote.http.W3CHttpResponseCodec.decode(W3CHttpResponseCodec.java:122)
	at org.openqa.selenium.remote.http.W3CHttpResponseCodec.decode(W3CHttpResponseCodec.java:49)
	at org.openqa.selenium.remote.HttpCommandExecutor.execute(HttpCommandExecutor.java:158)
	at org.openqa.selenium.remote.service.DriverCommandExecutor.execute(DriverCommandExecutor.java:83)
	at org.openqa.selenium.remote.RemoteWebDriver.execute(RemoteWebDriver.java:552)
	at org.openqa.selenium.remote.RemoteWebDriver.findElement(RemoteWebDriver.java:323)
	at org.openqa.selenium.remote.RemoteWebDriver.findElementById(RemoteWebDriver.java:372)
	at org.openqa.selenium.By$ById.findElement(By.java:188)
	at org.openqa.selenium.remote.RemoteWebDriver.findElement(RemoteWebDriver.java:315)
	at pages.BasePage.clicarBotao(BasePage.java:61)
	at stepdefinitions.OcorrenciaStep.eu_clico_em(OcorrenciaStep.java:53)
	at ✽.eu clico em "SELECIONAR_BUTTON"(file:///C:/Users/gabri/OneDrive/Desktop/Documentos/egsys/automation_selenium/automation_egsys_web/src/test/java/resources/features/Ocorrencia.feature:7)
&amp#27;[0m
  &amp#27;[36mThen &amp#27;[0m&amp#27;[36mo login deve ser realizado&amp#27;[0m                                                   &amp#27;[90m# stepdefinitions.LoginStep.validaLogin()&amp#27;[0m
  &amp#27;[36mWhen &amp#27;[0m&amp#27;[36meu clico no menu &amp#27;[0m&amp#27;[36m&amp#27;[1m'GERAR_OCORRENCIA_LINK'&amp#27;[0m                                     &amp#27;[90m# stepdefinitions.OcorrenciaStep.acessaMenuGerarOcorrencia(java.lang.String)&amp#27;[0m
  &amp#27;[36mAnd &amp#27;[0m&amp#27;[36meu preencho o campo &amp#27;[0m&amp#27;[36m&amp#27;[1m"CAMPO_NOME"&amp#27;[0m&amp#27;[36m com &amp#27;[0m&amp#27;[36m&amp#27;[1m"Automação Quality Assurance"&amp#27;[0m            &amp#27;[90m# stepdefinitions.OcorrenciaStep.preencheDadosOcorrencia(java.lang.String,java.lang.String)&amp#27;[0m
  &amp#27;[36mAnd &amp#27;[0m&amp#27;[36meu preencho o campo &amp#27;[0m&amp#27;[36m&amp#27;[1m"CAMPO_TELEFONE"&amp#27;[0m&amp#27;[36m com &amp#27;[0m&amp#27;[36m&amp#27;[1m"51995486235"&amp#27;[0m                        &amp#27;[90m# stepdefinitions.OcorrenciaStep.preencheDadosOcorrencia(java.lang.String,java.lang.String)&amp#27;[0m
  &amp#27;[36mAnd &amp#27;[0m&amp#27;[36meu seleciono &amp#27;[0m&amp#27;[36m&amp#27;[1m"Curitiba"&amp#27;[0m&amp#27;[36m no campo &amp#27;[0m&amp#27;[36m&amp#27;[1m"CAMPO_MUNICIPIO"&amp#27;[0m                            &amp#27;[90m# stepdefinitions.OcorrenciaStep.selecionaMunicipio(java.lang.String,java.lang.String)&amp#27;[0m
  &amp#27;[36mAnd &amp#27;[0m&amp#27;[36meu seleciono &amp#27;[0m&amp#27;[36m&amp#27;[1m"Centro"&amp#27;[0m&amp#27;[36m no campo &amp#27;[0m&amp#27;[36m&amp#27;[1m"CAMPO_BAIRRO"&amp#27;[0m                                 &amp#27;[90m# stepdefinitions.OcorrenciaStep.selecionaMunicipio(java.lang.String,java.lang.String)&amp#27;[0m
  &amp#27;[36mAnd &amp#27;[0m&amp#27;[36meu seleciono &amp#27;[0m&amp#27;[36m&amp#27;[1m"AVENIDA BRASILIA"&amp#27;[0m&amp#27;[36m no campo &amp#27;[0m&amp#27;[36m&amp#27;[1m"CAMPO_ENDERECO"&amp#27;[0m                     &amp#27;[90m# stepdefinitions.OcorrenciaStep.selecionaMunicipio(java.lang.String,java.lang.String)&amp#27;[0m
  &amp#27;[36mAnd &amp#27;[0m&amp#27;[36meu preencho o campo &amp#27;[0m&amp#27;[36m&amp#27;[1m"CAMPO_NUMERO_ENDERECO"&amp#27;[0m&amp#27;[36m com &amp#27;[0m&amp#27;[36m&amp#27;[1m"221"&amp#27;[0m                         &amp#27;[90m# stepdefinitions.OcorrenciaStep.preencheDadosOcorrencia(java.lang.String,java.lang.String)&amp#27;[0m
  &amp#27;[36mAnd &amp#27;[0m&amp#27;[36meu preencho o campo &amp#27;[0m&amp#27;[36m&amp#27;[1m"CAMPO_DESCRICAO"&amp#27;[0m&amp#27;[36m com &amp#27;[0m&amp#27;[36m&amp#27;[1m"Ocorrência Gerada Pela Automação."&amp#27;[0m &amp#27;[90m# stepdefinitions.OcorrenciaStep.preencheDadosOcorrencia(java.lang.String,java.lang.String)&amp#27;[0m
  &amp#27;[36mAnd &amp#27;[0m&amp#27;[36meu seleciono &amp#27;[0m&amp#27;[36m&amp#27;[1m"ROUBO"&amp#27;[0m&amp#27;[36m no campo &amp#27;[0m&amp#27;[36m&amp#27;[1m"CAMPO_NATUREZA"&amp#27;[0m                                &amp#27;[90m# stepdefinitions.OcorrenciaStep.selecionaMunicipio(java.lang.String,java.lang.String)&amp#27;[0m
  &amp#27;[36mAnd &amp#27;[0m&amp#27;[36meu clico em &amp#27;[0m&amp#27;[36m&amp#27;[1m"AUTOR_NAO_ESTA_NO_LOCAL"&amp#27;[0m                                         &amp#27;[90m# stepdefinitions.OcorrenciaStep.eu_clico_em(java.lang.String)&amp#27;[0m
  &amp#27;[36mAnd &amp#27;[0m&amp#27;[36meu clico em &amp#27;[0m&amp#27;[36m&amp#27;[1m"AUTOR_NAO_ESTA_ARMADO"&amp#27;[0m                                           &amp#27;[90m# stepdefinitions.OcorrenciaStep.eu_clico_em(java.lang.String)&amp#27;[0m
  &amp#27;[36mAnd &amp#27;[0m&amp#27;[36meu clico em &amp#27;[0m&amp#27;[36m&amp#27;[1m"NAO_RISCO_DE_TUMULTO"&amp#27;[0m                                            &amp#27;[90m# stepdefinitions.OcorrenciaStep.eu_clico_em(java.lang.String)&amp#27;[0m
  &amp#27;[36mAnd &amp#27;[0m&amp#27;[36meu clico em &amp#27;[0m&amp#27;[36m&amp#27;[1m"NAO_PESSOAS_FERIDAS_RISCO_DE_MORTE"&amp#27;[0m                              &amp#27;[90m# stepdefinitions.OcorrenciaStep.eu_clico_em(java.lang.String)&amp#27;[0m
  &amp#27;[36mWhen &amp#27;[0m&amp#27;[36meu clico em &amp#27;[0m&amp#27;[36m&amp#27;[1m"BOTAO_SALVAR"&amp#27;[0m                                                   &amp#27;[90m# stepdefinitions.OcorrenciaStep.eu_clico_em(java.lang.String)&amp#27;[0m
  &amp#27;[36mThen &amp#27;[0m&amp#27;[36mdeve ser exibido &amp#27;[0m&amp#27;[36m&amp#27;[1m"Ocorrência registrada"&amp#27;[0m                                     &amp#27;[90m# stepdefinitions.OcorrenciaStep.deve_ser_exibido(java.lang.String)&amp#27;[0m
]]></system-out>
    <system-err><![CDATA[Starting ChromeDriver 126.0.6478.182 (5b5d8292ddf182f8b2096fa665b473b6317906d5-refs/branch-heads/6478@{#1776}) on port 36018
Only local connections are allowed.
Please see https://chromedriver.chromium.org/security-considerations for suggestions on keeping ChromeDriver safe.
ChromeDriver was started successfully.
[1722453087.156][WARNING]: This version of ChromeDriver has not been tested with Chrome version 127.
jul. 31, 2024 4:11:27 PM org.openqa.selenium.remote.ProtocolHandshake createSession
INFO: Detected dialect: W3C
Starting ChromeDriver 126.0.6478.182 (5b5d8292ddf182f8b2096fa665b473b6317906d5-refs/branch-heads/6478@{#1776}) on port 6935
Only local connections are allowed.
Please see https://chromedriver.chromium.org/security-considerations for suggestions on keeping ChromeDriver safe.
ChromeDriver was started successfully.
[1722453087.765][WARNING]: This version of ChromeDriver has not been tested with Chrome version 127.
jul. 31, 2024 4:11:27 PM org.openqa.selenium.remote.ProtocolHandshake createSession
INFO: Detected dialect: W3C
]]></system-err>
  </testcase>
</testsuite>